<?xml version="1.0" encoding="UTF-8"?>
<!-- Generated by org.testng.reporters.JUnitXMLReporter -->
<testsuite hostname="DESKTOP-2TQFBEG" ignored="0" name="ExternalForwardFlowTestSuite" tests="7" failures="0" timestamp="2022-02-26T15:25:23 IST" time="485.798" errors="0">
  <testcase name="approveSampleQuantity" time="44.921" classname="com.pss.lims.sm.ExternalForwardFlow.SampleQuantityApprove"/>
  <testcase name="createJobAllotment" time="71.71" classname="com.pss.lims.sm.ExternalForwardFlow.ExternalJobAllotment"/>
  <testcase name="approveMyJob" time="75.062" classname="com.pss.lims.sm.ExternalForwardFlow.MyJob"/>
  <testcase name="externalJobs" time="73.252" classname="com.pss.lims.sm.ExternalForwardFlow.ExternalJobs"/>
  <testcase name="approveSI" time="60.565" classname="com.pss.lims.sm.ExternalForwardFlow.SIApproval"/>
  <testcase name="createSampleResult" time="55.026" classname="com.pss.lims.sm.ExternalForwardFlow.SampleResult"/>
  <testcase name="approveCOA" time="49.857" classname="com.pss.lims.sm.ExternalForwardFlow.COAApprove"/>
</testsuite> <!-- ExternalForwardFlowTestSuite -->
