<?xml version="1.0" encoding="UTF-8"?>
<!-- Generated by org.testng.reporters.JUnitXMLReporter -->
<testsuite hostname="DESKTOP-2TQFBEG" ignored="0" name="InternalForwardFlowTestSuiteReport" tests="16" failures="0" timestamp="2022-03-24T17:57:37 IST" time="1313.153" errors="0">
  <testcase name="createSpecification" time="80.928" classname="com.pss.lims.sm.InternalForwardFlow.Specification"/>
  <testcase name="approveSpecification" time="40.395" classname="com.pss.lims.sm.InternalForwardFlow.SpecificationApproval"/>
  <testcase name="createTest" time="204.215" classname="com.pss.lims.sm.InternalForwardFlow.QuantativeTestReg"/>
  <testcase name="approveTest" time="47.685" classname="com.pss.lims.sm.InternalForwardFlow.TestApproval"/>
  <testcase name="createTestPlanner" time="135.309" classname="com.pss.lims.sm.InternalForwardFlow.TestPlanner"/>
  <testcase name="approveTestPlanner" time="45.07" classname="com.pss.lims.sm.InternalForwardFlow.TestPlannerApproval"/>
  <testcase name="createSampleRegistration" time="133.932" classname="com.pss.lims.sm.InternalForwardFlow.SampleRegistration"/>
  <testcase name="approveSampleRegistration" time="40.448" classname="com.pss.lims.sm.InternalForwardFlow.SampleRegistrationApprove"/>
  <testcase name="createSampleQuantity" time="51.21" classname="com.pss.lims.sm.InternalForwardFlow.SampleQuantity"/>
  <testcase name="approveSampleQuantity" time="43.38" classname="com.pss.lims.sm.InternalForwardFlow.SampleQuantityApprove"/>
  <testcase name="createJobAllotment" time="99.082" classname="com.pss.lims.sm.InternalForwardFlow.JobAllotment"/>
  <testcase name="approveMyJob" time="68.996" classname="com.pss.lims.sm.InternalForwardFlow.MyJob"/>
  <testcase name="approveJobResults" time="55.563" classname="com.pss.lims.sm.InternalForwardFlow.QuantativeJobResults"/>
  <testcase name="approveSI" time="48.262" classname="com.pss.lims.sm.InternalForwardFlow.SIApproval"/>
  <testcase name="createSampleResult" time="55.713" classname="com.pss.lims.sm.InternalForwardFlow.SampleResult"/>
  <testcase name="approveCOA" time="54.99" classname="com.pss.lims.sm.InternalForwardFlow.COAApprove"/>
</testsuite> <!-- InternalForwardFlowTestSuiteReport -->
