<?xml version="1.0" encoding="UTF-8"?>
<!-- Generated by org.testng.reporters.JUnitXMLReporter -->
<testsuite hostname="DESKTOP-2TQFBEG" ignored="0" name="InternalQualitativeForwardFlowTestSuite" tests="10" failures="0" timestamp="2022-03-23T15:17:46 IST" time="661.775" errors="0">
  <testcase name="createSampleRegistrationForMicroTest" time="128.181" classname="com.pss.lims.sm.InternalForwardFlow.SampleRegistrationForMicroTest"/>
  <testcase name="approveSampleRegistration" time="35.83" classname="com.pss.lims.sm.InternalForwardFlow.SampleRegistrationApprove"/>
  <testcase name="createSampleQuantity" time="46.811" classname="com.pss.lims.sm.InternalForwardFlow.SampleQuantity"/>
  <testcase name="approveSampleQuantity" time="40.701" classname="com.pss.lims.sm.InternalForwardFlow.SampleQuantityApprove"/>
  <testcase name="createMicroJobAllotment" time="95.291" classname="com.pss.lims.sm.InternalForwardFlow.MicroJobAllotment"/>
  <testcase name="approveMyJob" time="64.693" classname="com.pss.lims.sm.InternalForwardFlow.MyJob"/>
  <testcase name="approveJobResults" time="48.219" classname="com.pss.lims.sm.InternalForwardFlow.QualitativeJobResults"/>
  <testcase name="approveSI" time="43.904" classname="com.pss.lims.sm.InternalForwardFlow.SIApproval"/>
  <testcase name="createSampleResult" time="50.486" classname="com.pss.lims.sm.InternalForwardFlow.SampleResult"/>
  <testcase name="approveCOA" time="50.038" classname="com.pss.lims.sm.InternalForwardFlow.COAApprove"/>
</testsuite> <!-- InternalQualitativeForwardFlowTestSuite -->
