<?xml version="1.0" encoding="UTF-8"?>
<!-- Generated by org.testng.reporters.JUnitXMLReporter -->
<testsuite hostname="DESKTOP-2TQFBEG" ignored="0" name="InternalRejectionFlowTestSuite2" tests="7" failures="0" timestamp="2022-03-25T15:20:19 IST" time="438.428" errors="0">
  <testcase name="approveJobResults" time="55.212" classname="com.pss.lims.sm.InternalRejectionFlow.QuantativeJobResultsNonCompliance"/>
  <testcase name="failJobReviewAfterReCheck" time="58.436" classname="com.pss.lims.sm.InternalRejectionFlow.FailJobReviewAfterReCheck"/>
  <testcase name="failJobSIReview" time="51.904" classname="com.pss.lims.sm.InternalRejectionFlow.FailJobSIReview"/>
  <testcase name="failJobHODReview" time="49.622" classname="com.pss.lims.sm.InternalRejectionFlow.FailJobHODReview"/>
  <testcase name="failJobQAReview" time="51.27" classname="com.pss.lims.sm.InternalRejectionFlow.FailJobQAReview"/>
  <testcase name="createSampleResult" time="61.52" classname="com.pss.lims.sm.InternalRejectionFlow.SampleResult"/>
  <testcase name="approveCOA" time="67.861" classname="com.pss.lims.sm.InternalRejectionFlow.COAApprove"/>
</testsuite> <!-- InternalRejectionFlowTestSuite2 -->
