<?xml version="1.0" encoding="UTF-8"?>
<!-- Generated by org.testng.reporters.JUnitXMLReporter -->
<testsuite hostname="DESKTOP-2TQFBEG" ignored="0" name="InternalRejectionFlowTestSuite1" tests="4" failures="0" timestamp="2022-03-25T15:13:00 IST" time="255.549" errors="0">
  <testcase name="failJobReview" time="78.788" classname="com.pss.lims.sm.InternalRejectionFlow.FailJobReview"/>
  <testcase name="failJobSIReview" time="53.398" classname="com.pss.lims.sm.InternalRejectionFlow.FailJobSIReview"/>
  <testcase name="failJobHODReview" time="47.648" classname="com.pss.lims.sm.InternalRejectionFlow.FailJobHODReview"/>
  <testcase name="failJobQAReviewWithReCheck" time="50.313" classname="com.pss.lims.sm.InternalRejectionFlow.FailJobQAReviewWithReCheck"/>
</testsuite> <!-- InternalRejectionFlowTestSuite1 -->
