<?xml version="1.0" encoding="UTF-8"?>
<!-- Generated by org.testng.reporters.JUnitXMLReporter -->
<testsuite hostname="DESKTOP-2TQFBEG" ignored="0" name="LifeCycleTestSuiteReport" tests="2" failures="0" timestamp="2022-03-22T15:43:26 IST" time="182.308" errors="0">
  <testcase name="createLifeCycle" time="131.746" classname="com.pss.lims.sm.LifeCycleForwardFlow.CreateLifeCycle"/>
  <testcase name="approveLifeCycle" time="38.294" classname="com.pss.lims.sm.LifeCycleForwardFlow.LifeCycleApproval"/>
</testsuite> <!-- LifeCycleTestSuiteReport -->
