<?xml version="1.0" encoding="UTF-8"?>
<!-- Generated by org.testng.reporters.JUnitXMLReporter -->
<testsuite hostname="DESKTOP-2TQFBEG" ignored="0" name="MainFlowTestSuiteReports" tests="4" failures="0" timestamp="2022-09-01T15:18:12 IST" time="608.495" errors="0">
  <testcase name="createLoadingMulti" time="414.43" classname="com.pss.lims.StabilityManagement.ForwardFlow.LoadingMulti"/>
  <testcase name="approveLoading" time="42.751" classname="com.pss.lims.StabilityManagement.ForwardFlow.ApproveLoading"/>
  <testcase name="createAcknowledgemnt" time="76.393" classname="com.pss.lims.StabilityManagement.ForwardFlow.CreateSampleAcknowledgement"/>
  <testcase name="sampleAcknowledgementApprove" time="37.399" classname="com.pss.lims.StabilityManagement.ForwardFlow.ApproveSampleAcknowledgement"/>
</testsuite> <!-- MainFlowTestSuiteReports -->
