<?xml version="1.0" encoding="UTF-8"?>
<!-- Generated by org.testng.reporters.JUnitXMLReporter -->
<testsuite hostname="DESKTOP-2TQFBEG" ignored="0" name="RegistrationForwardFlow" tests="8" failures="0" timestamp="2022-03-24T17:13:50 IST" time="535.299" errors="0">
  <testcase name="createCustomer" time="73.035" classname="com.pss.lims.sm.RegistrationForwardFlow.Customer"/>
  <testcase name="approveCustomer" time="43.951" classname="com.pss.lims.sm.RegistrationForwardFlow.CustomerApproval"/>
  <testcase name="createSupplier" time="77.096" classname="com.pss.lims.sm.RegistrationForwardFlow.Supplier"/>
  <testcase name="approveSupplier" time="43.97" classname="com.pss.lims.sm.RegistrationForwardFlow.SupplierApproval"/>
  <testcase name="createManufacturer" time="75.665" classname="com.pss.lims.sm.RegistrationForwardFlow.Manufacturer"/>
  <testcase name="approveManufactruer" time="43.911" classname="com.pss.lims.sm.RegistrationForwardFlow.ManufacturerApprove"/>
  <testcase name="createOosCheckList" time="81.78" classname="com.pss.lims.sm.RegistrationForwardFlow.OosCheckList"/>
  <testcase name="checkListApproval" time="46.335" classname="com.pss.lims.sm.RegistrationForwardFlow.OosCheckListApproval"/>
</testsuite> <!-- RegistrationForwardFlow -->
