<?xml version="1.0" encoding="UTF-8"?>
<!-- Generated by org.testng.reporters.JUnitXMLReporter -->
<testsuite hostname="DESKTOP-2TQFBEG" ignored="0" name="StabilityManagementWithSampleManagementInternalFlow" tests="17" failures="17" timestamp="2022-03-03T12:00:04 IST" time="63.553" errors="0">
  <testcase name="@AfterMethod testIT" time="-1.646289002412E9" classname="com.pss.lims.StabilityManagementWithSampleManagementQuantitativeInternalFlow.CreateProtocol">
    <failure type="java.lang.RuntimeException" message="Test skipped due to a detected failure in the overall suite.">
      <![CDATA[java.lang.RuntimeException: Test skipped due to a detected failure in the overall suite.
at com.pss.lims.Listners.SuiteFailingInvokedMethodListener.beforeInvocation(SuiteFailingInvokedMethodListener.java:17)
at java.util.ArrayList.forEach(ArrayList.java:1257)
... Removed 29 stack frames]]>
    </failure>
  </testcase> <!-- @AfterMethod testIT -->
  <testcase name="@AfterClass tearDown" time="-1.646289002416E9" classname="com.pss.lims.Satbility.Login.LoginDetails">
    <failure type="java.lang.RuntimeException" message="Test skipped due to a detected failure in the overall suite.">
      <![CDATA[java.lang.RuntimeException: Test skipped due to a detected failure in the overall suite.
at com.pss.lims.Listners.SuiteFailingInvokedMethodListener.beforeInvocation(SuiteFailingInvokedMethodListener.java:17)
at java.util.ArrayList.forEach(ArrayList.java:1257)
... Removed 21 stack frames]]>
    </failure>
  </testcase> <!-- @AfterClass tearDown -->
  <testcase name="@BeforeClass setUp" time="-1.646289002418E9" classname="com.pss.lims.Satbility.Login.LoginDetails">
    <failure type="java.lang.RuntimeException" message="Test skipped due to a detected failure in the overall suite.">
      <![CDATA[java.lang.RuntimeException: Test skipped due to a detected failure in the overall suite.
at com.pss.lims.Listners.SuiteFailingInvokedMethodListener.beforeInvocation(SuiteFailingInvokedMethodListener.java:17)
at java.util.ArrayList.forEach(ArrayList.java:1257)
... Removed 22 stack frames]]>
    </failure>
  </testcase> <!-- @BeforeClass setUp -->
  <testcase name="@AfterClass tearDown" time="-1.64628900251E9" classname="com.pss.lims.Satbility.Login.LoginDetails">
    <failure type="java.lang.RuntimeException" message="Test skipped due to a detected failure in the overall suite.">
      <![CDATA[java.lang.RuntimeException: Test skipped due to a detected failure in the overall suite.
at com.pss.lims.Listners.SuiteFailingInvokedMethodListener.beforeInvocation(SuiteFailingInvokedMethodListener.java:17)
at java.util.ArrayList.forEach(ArrayList.java:1257)
... Removed 21 stack frames]]>
    </failure>
  </testcase> <!-- @AfterClass tearDown -->
  <testcase name="@BeforeClass setUp" time="-1.646289002512E9" classname="com.pss.lims.Satbility.Login.LoginDetails">
    <failure type="java.lang.RuntimeException" message="Test skipped due to a detected failure in the overall suite.">
      <![CDATA[java.lang.RuntimeException: Test skipped due to a detected failure in the overall suite.
at com.pss.lims.Listners.SuiteFailingInvokedMethodListener.beforeInvocation(SuiteFailingInvokedMethodListener.java:17)
at java.util.ArrayList.forEach(ArrayList.java:1257)
... Removed 22 stack frames]]>
    </failure>
  </testcase> <!-- @BeforeClass setUp -->
  <testcase name="@AfterClass tearDown" time="-1.646289002611E9" classname="com.pss.lims.Satbility.Login.LoginDetails">
    <failure type="java.lang.RuntimeException" message="Test skipped due to a detected failure in the overall suite.">
      <![CDATA[java.lang.RuntimeException: Test skipped due to a detected failure in the overall suite.
at com.pss.lims.Listners.SuiteFailingInvokedMethodListener.beforeInvocation(SuiteFailingInvokedMethodListener.java:17)
at java.util.ArrayList.forEach(ArrayList.java:1257)
... Removed 21 stack frames]]>
    </failure>
  </testcase> <!-- @AfterClass tearDown -->
  <testcase name="@BeforeClass setUp" time="-1.646289002613E9" classname="com.pss.lims.Satbility.Login.LoginDetails">
    <failure type="java.lang.RuntimeException" message="Test skipped due to a detected failure in the overall suite.">
      <![CDATA[java.lang.RuntimeException: Test skipped due to a detected failure in the overall suite.
at com.pss.lims.Listners.SuiteFailingInvokedMethodListener.beforeInvocation(SuiteFailingInvokedMethodListener.java:17)
at java.util.ArrayList.forEach(ArrayList.java:1257)
... Removed 22 stack frames]]>
    </failure>
  </testcase> <!-- @BeforeClass setUp -->
  <testcase name="@AfterClass tearDown" time="-1.646289002708E9" classname="com.pss.lims.Satbility.Login.LoginDetails">
    <failure type="java.lang.RuntimeException" message="Test skipped due to a detected failure in the overall suite.">
      <![CDATA[java.lang.RuntimeException: Test skipped due to a detected failure in the overall suite.
at com.pss.lims.Listners.SuiteFailingInvokedMethodListener.beforeInvocation(SuiteFailingInvokedMethodListener.java:17)
at java.util.ArrayList.forEach(ArrayList.java:1257)
... Removed 21 stack frames]]>
    </failure>
  </testcase> <!-- @AfterClass tearDown -->
  <testcase name="@BeforeClass setUp" time="-1.646289002709E9" classname="com.pss.lims.Satbility.Login.LoginDetails">
    <failure type="java.lang.RuntimeException" message="Test skipped due to a detected failure in the overall suite.">
      <![CDATA[java.lang.RuntimeException: Test skipped due to a detected failure in the overall suite.
at com.pss.lims.Listners.SuiteFailingInvokedMethodListener.beforeInvocation(SuiteFailingInvokedMethodListener.java:17)
at java.util.ArrayList.forEach(ArrayList.java:1257)
... Removed 22 stack frames]]>
    </failure>
  </testcase> <!-- @BeforeClass setUp -->
  <testcase name="@AfterClass tearDown" time="-1.646289002804E9" classname="com.pss.lims.Satbility.Login.LoginDetails">
    <failure type="java.lang.RuntimeException" message="Test skipped due to a detected failure in the overall suite.">
      <![CDATA[java.lang.RuntimeException: Test skipped due to a detected failure in the overall suite.
at com.pss.lims.Listners.SuiteFailingInvokedMethodListener.beforeInvocation(SuiteFailingInvokedMethodListener.java:17)
at java.util.ArrayList.forEach(ArrayList.java:1257)
... Removed 21 stack frames]]>
    </failure>
  </testcase> <!-- @AfterClass tearDown -->
  <testcase name="@BeforeClass setUp" time="-1.646289002807E9" classname="com.pss.lims.Satbility.Login.LoginDetails">
    <failure type="java.lang.RuntimeException" message="Test skipped due to a detected failure in the overall suite.">
      <![CDATA[java.lang.RuntimeException: Test skipped due to a detected failure in the overall suite.
at com.pss.lims.Listners.SuiteFailingInvokedMethodListener.beforeInvocation(SuiteFailingInvokedMethodListener.java:17)
at java.util.ArrayList.forEach(ArrayList.java:1257)
... Removed 22 stack frames]]>
    </failure>
  </testcase> <!-- @BeforeClass setUp -->
  <testcase name="@AfterClass tearDown" time="-1.646289002901E9" classname="com.pss.lims.Satbility.Login.LoginDetails">
    <failure type="java.lang.RuntimeException" message="Test skipped due to a detected failure in the overall suite.">
      <![CDATA[java.lang.RuntimeException: Test skipped due to a detected failure in the overall suite.
at com.pss.lims.Listners.SuiteFailingInvokedMethodListener.beforeInvocation(SuiteFailingInvokedMethodListener.java:17)
at java.util.ArrayList.forEach(ArrayList.java:1257)
... Removed 21 stack frames]]>
    </failure>
  </testcase> <!-- @AfterClass tearDown -->
  <testcase name="@BeforeClass setUp" time="-1.646289002902E9" classname="com.pss.lims.Satbility.Login.LoginDetails">
    <failure type="java.lang.RuntimeException" message="Test skipped due to a detected failure in the overall suite.">
      <![CDATA[java.lang.RuntimeException: Test skipped due to a detected failure in the overall suite.
at com.pss.lims.Listners.SuiteFailingInvokedMethodListener.beforeInvocation(SuiteFailingInvokedMethodListener.java:17)
at java.util.ArrayList.forEach(ArrayList.java:1257)
... Removed 22 stack frames]]>
    </failure>
  </testcase> <!-- @BeforeClass setUp -->
  <testcase name="@AfterClass tearDown" time="-1.64628900303E9" classname="com.pss.lims.Satbility.Login.LoginDetails">
    <failure type="java.lang.RuntimeException" message="Test skipped due to a detected failure in the overall suite.">
      <![CDATA[java.lang.RuntimeException: Test skipped due to a detected failure in the overall suite.
at com.pss.lims.Listners.SuiteFailingInvokedMethodListener.beforeInvocation(SuiteFailingInvokedMethodListener.java:17)
at java.util.ArrayList.forEach(ArrayList.java:1257)
... Removed 21 stack frames]]>
    </failure>
  </testcase> <!-- @AfterClass tearDown -->
  <testcase name="@BeforeClass setUp" time="-1.646289003032E9" classname="com.pss.lims.Satbility.Login.LoginDetails">
    <failure type="java.lang.RuntimeException" message="Test skipped due to a detected failure in the overall suite.">
      <![CDATA[java.lang.RuntimeException: Test skipped due to a detected failure in the overall suite.
at com.pss.lims.Listners.SuiteFailingInvokedMethodListener.beforeInvocation(SuiteFailingInvokedMethodListener.java:17)
at java.util.ArrayList.forEach(ArrayList.java:1257)
... Removed 22 stack frames]]>
    </failure>
  </testcase> <!-- @BeforeClass setUp -->
  <testcase name="@AfterClass tearDown" time="-1.646289003139E9" classname="com.pss.lims.Satbility.Login.LoginDetails">
    <failure type="java.lang.RuntimeException" message="Test skipped due to a detected failure in the overall suite.">
      <![CDATA[java.lang.RuntimeException: Test skipped due to a detected failure in the overall suite.
at com.pss.lims.Listners.SuiteFailingInvokedMethodListener.beforeInvocation(SuiteFailingInvokedMethodListener.java:17)
at java.util.ArrayList.forEach(ArrayList.java:1257)
... Removed 21 stack frames]]>
    </failure>
  </testcase> <!-- @AfterClass tearDown -->
  <testcase name="@BeforeClass setUp" time="-1.64628900314E9" classname="com.pss.lims.Satbility.Login.LoginDetails">
    <failure type="java.lang.RuntimeException" message="Test skipped due to a detected failure in the overall suite.">
      <![CDATA[java.lang.RuntimeException: Test skipped due to a detected failure in the overall suite.
at com.pss.lims.Listners.SuiteFailingInvokedMethodListener.beforeInvocation(SuiteFailingInvokedMethodListener.java:17)
at java.util.ArrayList.forEach(ArrayList.java:1257)
... Removed 22 stack frames]]>
    </failure>
  </testcase> <!-- @BeforeClass setUp -->
  <testcase name="@AfterClass tearDown" time="-1.646289003259E9" classname="com.pss.lims.Satbility.Login.LoginDetails">
    <failure type="java.lang.RuntimeException" message="Test skipped due to a detected failure in the overall suite.">
      <![CDATA[java.lang.RuntimeException: Test skipped due to a detected failure in the overall suite.
at com.pss.lims.Listners.SuiteFailingInvokedMethodListener.beforeInvocation(SuiteFailingInvokedMethodListener.java:17)
at java.util.ArrayList.forEach(ArrayList.java:1257)
... Removed 21 stack frames]]>
    </failure>
  </testcase> <!-- @AfterClass tearDown -->
  <testcase name="@BeforeClass setUp" time="-1.646289003261E9" classname="com.pss.lims.Satbility.Login.LoginDetails">
    <failure type="java.lang.RuntimeException" message="Test skipped due to a detected failure in the overall suite.">
      <![CDATA[java.lang.RuntimeException: Test skipped due to a detected failure in the overall suite.
at com.pss.lims.Listners.SuiteFailingInvokedMethodListener.beforeInvocation(SuiteFailingInvokedMethodListener.java:17)
at java.util.ArrayList.forEach(ArrayList.java:1257)
... Removed 22 stack frames]]>
    </failure>
  </testcase> <!-- @BeforeClass setUp -->
  <testcase name="@AfterClass tearDown" time="-1.646289003357E9" classname="com.pss.lims.Satbility.Login.LoginDetails">
    <failure type="java.lang.RuntimeException" message="Test skipped due to a detected failure in the overall suite.">
      <![CDATA[java.lang.RuntimeException: Test skipped due to a detected failure in the overall suite.
at com.pss.lims.Listners.SuiteFailingInvokedMethodListener.beforeInvocation(SuiteFailingInvokedMethodListener.java:17)
at java.util.ArrayList.forEach(ArrayList.java:1257)
... Removed 21 stack frames]]>
    </failure>
  </testcase> <!-- @AfterClass tearDown -->
  <testcase name="@BeforeClass setUp" time="-1.646289003358E9" classname="com.pss.lims.Satbility.Login.LoginDetails">
    <failure type="java.lang.RuntimeException" message="Test skipped due to a detected failure in the overall suite.">
      <![CDATA[java.lang.RuntimeException: Test skipped due to a detected failure in the overall suite.
at com.pss.lims.Listners.SuiteFailingInvokedMethodListener.beforeInvocation(SuiteFailingInvokedMethodListener.java:17)
at java.util.ArrayList.forEach(ArrayList.java:1257)
... Removed 22 stack frames]]>
    </failure>
  </testcase> <!-- @BeforeClass setUp -->
  <testcase name="@AfterClass tearDown" time="-1.646289003454E9" classname="com.pss.lims.Satbility.Login.LoginDetails">
    <failure type="java.lang.RuntimeException" message="Test skipped due to a detected failure in the overall suite.">
      <![CDATA[java.lang.RuntimeException: Test skipped due to a detected failure in the overall suite.
at com.pss.lims.Listners.SuiteFailingInvokedMethodListener.beforeInvocation(SuiteFailingInvokedMethodListener.java:17)
at java.util.ArrayList.forEach(ArrayList.java:1257)
... Removed 21 stack frames]]>
    </failure>
  </testcase> <!-- @AfterClass tearDown -->
  <testcase name="@BeforeClass setUp" time="-1.646289003455E9" classname="com.pss.lims.Satbility.Login.LoginDetails">
    <failure type="java.lang.RuntimeException" message="Test skipped due to a detected failure in the overall suite.">
      <![CDATA[java.lang.RuntimeException: Test skipped due to a detected failure in the overall suite.
at com.pss.lims.Listners.SuiteFailingInvokedMethodListener.beforeInvocation(SuiteFailingInvokedMethodListener.java:17)
at java.util.ArrayList.forEach(ArrayList.java:1257)
... Removed 22 stack frames]]>
    </failure>
  </testcase> <!-- @BeforeClass setUp -->
  <testcase name="@AfterClass tearDown" time="-1.646289003557E9" classname="com.pss.lims.Satbility.Login.LoginDetails">
    <failure type="java.lang.RuntimeException" message="Test skipped due to a detected failure in the overall suite.">
      <![CDATA[java.lang.RuntimeException: Test skipped due to a detected failure in the overall suite.
at com.pss.lims.Listners.SuiteFailingInvokedMethodListener.beforeInvocation(SuiteFailingInvokedMethodListener.java:17)
at java.util.ArrayList.forEach(ArrayList.java:1257)
... Removed 21 stack frames]]>
    </failure>
  </testcase> <!-- @AfterClass tearDown -->
  <testcase name="@BeforeClass setUp" time="-1.646289003558E9" classname="com.pss.lims.Satbility.Login.LoginDetails">
    <failure type="java.lang.RuntimeException" message="Test skipped due to a detected failure in the overall suite.">
      <![CDATA[java.lang.RuntimeException: Test skipped due to a detected failure in the overall suite.
at com.pss.lims.Listners.SuiteFailingInvokedMethodListener.beforeInvocation(SuiteFailingInvokedMethodListener.java:17)
at java.util.ArrayList.forEach(ArrayList.java:1257)
... Removed 22 stack frames]]>
    </failure>
  </testcase> <!-- @BeforeClass setUp -->
  <testcase name="@AfterClass tearDown" time="-1.64628900365E9" classname="com.pss.lims.Satbility.Login.LoginDetails">
    <failure type="java.lang.RuntimeException" message="Test skipped due to a detected failure in the overall suite.">
      <![CDATA[java.lang.RuntimeException: Test skipped due to a detected failure in the overall suite.
at com.pss.lims.Listners.SuiteFailingInvokedMethodListener.beforeInvocation(SuiteFailingInvokedMethodListener.java:17)
at java.util.ArrayList.forEach(ArrayList.java:1257)
... Removed 21 stack frames]]>
    </failure>
  </testcase> <!-- @AfterClass tearDown -->
  <testcase name="@BeforeClass setUp" time="-1.646289003651E9" classname="com.pss.lims.Satbility.Login.LoginDetails">
    <failure type="java.lang.RuntimeException" message="Test skipped due to a detected failure in the overall suite.">
      <![CDATA[java.lang.RuntimeException: Test skipped due to a detected failure in the overall suite.
at com.pss.lims.Listners.SuiteFailingInvokedMethodListener.beforeInvocation(SuiteFailingInvokedMethodListener.java:17)
at java.util.ArrayList.forEach(ArrayList.java:1257)
... Removed 22 stack frames]]>
    </failure>
  </testcase> <!-- @BeforeClass setUp -->
  <testcase name="@AfterClass tearDown" time="-1.646289003742E9" classname="com.pss.lims.Satbility.Login.LoginDetails">
    <failure type="java.lang.RuntimeException" message="Test skipped due to a detected failure in the overall suite.">
      <![CDATA[java.lang.RuntimeException: Test skipped due to a detected failure in the overall suite.
at com.pss.lims.Listners.SuiteFailingInvokedMethodListener.beforeInvocation(SuiteFailingInvokedMethodListener.java:17)
at java.util.ArrayList.forEach(ArrayList.java:1257)
... Removed 21 stack frames]]>
    </failure>
  </testcase> <!-- @AfterClass tearDown -->
  <testcase name="@BeforeClass setUp" time="-1.646289003743E9" classname="com.pss.lims.Satbility.Login.LoginDetails">
    <failure type="java.lang.RuntimeException" message="Test skipped due to a detected failure in the overall suite.">
      <![CDATA[java.lang.RuntimeException: Test skipped due to a detected failure in the overall suite.
at com.pss.lims.Listners.SuiteFailingInvokedMethodListener.beforeInvocation(SuiteFailingInvokedMethodListener.java:17)
at java.util.ArrayList.forEach(ArrayList.java:1257)
... Removed 22 stack frames]]>
    </failure>
  </testcase> <!-- @BeforeClass setUp -->
  <testcase name="@AfterClass tearDown" time="-1.646289003839E9" classname="com.pss.lims.Satbility.Login.LoginDetails">
    <failure type="java.lang.RuntimeException" message="Test skipped due to a detected failure in the overall suite.">
      <![CDATA[java.lang.RuntimeException: Test skipped due to a detected failure in the overall suite.
at com.pss.lims.Listners.SuiteFailingInvokedMethodListener.beforeInvocation(SuiteFailingInvokedMethodListener.java:17)
at java.util.ArrayList.forEach(ArrayList.java:1257)
... Removed 21 stack frames]]>
    </failure>
  </testcase> <!-- @AfterClass tearDown -->
  <testcase name="@BeforeClass setUp" time="-1.64628900384E9" classname="com.pss.lims.Satbility.Login.LoginDetails">
    <failure type="java.lang.RuntimeException" message="Test skipped due to a detected failure in the overall suite.">
      <![CDATA[java.lang.RuntimeException: Test skipped due to a detected failure in the overall suite.
at com.pss.lims.Listners.SuiteFailingInvokedMethodListener.beforeInvocation(SuiteFailingInvokedMethodListener.java:17)
at java.util.ArrayList.forEach(ArrayList.java:1257)
... Removed 22 stack frames]]>
    </failure>
  </testcase> <!-- @BeforeClass setUp -->
  <testcase name="@AfterClass tearDown" time="-1.646289003938E9" classname="com.pss.lims.Satbility.Login.LoginDetails">
    <failure type="java.lang.RuntimeException" message="Test skipped due to a detected failure in the overall suite.">
      <![CDATA[java.lang.RuntimeException: Test skipped due to a detected failure in the overall suite.
at com.pss.lims.Listners.SuiteFailingInvokedMethodListener.beforeInvocation(SuiteFailingInvokedMethodListener.java:17)
at java.util.ArrayList.forEach(ArrayList.java:1257)
... Removed 21 stack frames]]>
    </failure>
  </testcase> <!-- @AfterClass tearDown -->
  <testcase name="@BeforeClass setUp" time="-1.646289003939E9" classname="com.pss.lims.Satbility.Login.LoginDetails">
    <failure type="java.lang.RuntimeException" message="Test skipped due to a detected failure in the overall suite.">
      <![CDATA[java.lang.RuntimeException: Test skipped due to a detected failure in the overall suite.
at com.pss.lims.Listners.SuiteFailingInvokedMethodListener.beforeInvocation(SuiteFailingInvokedMethodListener.java:17)
at java.util.ArrayList.forEach(ArrayList.java:1257)
... Removed 22 stack frames]]>
    </failure>
  </testcase> <!-- @BeforeClass setUp -->
  <testcase name="@AfterClass tearDown" time="-1.646289004059E9" classname="com.pss.lims.Satbility.Login.LoginDetails">
    <failure type="java.lang.RuntimeException" message="Test skipped due to a detected failure in the overall suite.">
      <![CDATA[java.lang.RuntimeException: Test skipped due to a detected failure in the overall suite.
at com.pss.lims.Listners.SuiteFailingInvokedMethodListener.beforeInvocation(SuiteFailingInvokedMethodListener.java:17)
at java.util.ArrayList.forEach(ArrayList.java:1257)
... Removed 21 stack frames]]>
    </failure>
  </testcase> <!-- @AfterClass tearDown -->
  <testcase name="createProtocol" time="54.301" classname="com.pss.lims.StabilityManagementWithSampleManagementQuantitativeInternalFlow.CreateProtocol">
    <failure type="java.lang.AssertionError" message="did not expect to find [true] but found [false]">
      <![CDATA[java.lang.AssertionError: did not expect to find [true] but found [false]
at com.pss.lims.StabilityManagementWithSampleManagementQuantitativeInternalFlow.CreateProtocol.methodForProtocolCreate(CreateProtocol.java:509)
at com.pss.lims.StabilityManagementWithSampleManagementQuantitativeInternalFlow.CreateProtocol.createProtocol(CreateProtocol.java:75)
at java.util.ArrayList.forEach(ArrayList.java:1257)
... Removed 31 stack frames]]>
    </failure>
  </testcase> <!-- createProtocol -->
  <testcase name="approveProtocol" time="0.001" classname="com.pss.lims.StabilityManagementWithSampleManagementQuantitativeInternalFlow.ApproveProtocol">
    <failure type="java.lang.RuntimeException" message="Test skipped due to a detected failure in the overall suite.">
      <![CDATA[java.lang.RuntimeException: Test skipped due to a detected failure in the overall suite.
at com.pss.lims.Listners.SuiteFailingInvokedMethodListener.beforeInvocation(SuiteFailingInvokedMethodListener.java:17)
at java.util.ArrayList.forEach(ArrayList.java:1257)
... Removed 26 stack frames]]>
    </failure>
  </testcase> <!-- approveProtocol -->
  <testcase name="createStorageCondition" time="0.001" classname="com.pss.lims.StabilityManagementWithSampleManagementQuantitativeInternalFlow.StorageCondition">
    <failure type="java.lang.RuntimeException" message="Test skipped due to a detected failure in the overall suite.">
      <![CDATA[java.lang.RuntimeException: Test skipped due to a detected failure in the overall suite.
at com.pss.lims.Listners.SuiteFailingInvokedMethodListener.beforeInvocation(SuiteFailingInvokedMethodListener.java:17)
at java.util.ArrayList.forEach(ArrayList.java:1257)
... Removed 26 stack frames]]>
    </failure>
  </testcase> <!-- createStorageCondition -->
  <testcase name="scheduleTest" time="0.002" classname="com.pss.lims.StabilityManagementWithSampleManagementQuantitativeInternalFlow.ScheduleTest">
    <failure type="java.lang.RuntimeException" message="Test skipped due to a detected failure in the overall suite.">
      <![CDATA[java.lang.RuntimeException: Test skipped due to a detected failure in the overall suite.
at com.pss.lims.Listners.SuiteFailingInvokedMethodListener.beforeInvocation(SuiteFailingInvokedMethodListener.java:17)
at java.util.ArrayList.forEach(ArrayList.java:1257)
... Removed 26 stack frames]]>
    </failure>
  </testcase> <!-- scheduleTest -->
  <testcase name="scheduleTestApprove" time="0.001" classname="com.pss.lims.StabilityManagementWithSampleManagementQuantitativeInternalFlow.ScheduleTestApprove">
    <failure type="java.lang.RuntimeException" message="Test skipped due to a detected failure in the overall suite.">
      <![CDATA[java.lang.RuntimeException: Test skipped due to a detected failure in the overall suite.
at com.pss.lims.Listners.SuiteFailingInvokedMethodListener.beforeInvocation(SuiteFailingInvokedMethodListener.java:17)
at java.util.ArrayList.forEach(ArrayList.java:1257)
... Removed 26 stack frames]]>
    </failure>
  </testcase> <!-- scheduleTestApprove -->
  <testcase name="createMasterChamber" time="0.001" classname="com.pss.lims.StabilityManagementWithSampleManagementQuantitativeInternalFlow.MasterChamber">
    <failure type="java.lang.RuntimeException" message="Test skipped due to a detected failure in the overall suite.">
      <![CDATA[java.lang.RuntimeException: Test skipped due to a detected failure in the overall suite.
at com.pss.lims.Listners.SuiteFailingInvokedMethodListener.beforeInvocation(SuiteFailingInvokedMethodListener.java:17)
at java.util.ArrayList.forEach(ArrayList.java:1257)
... Removed 26 stack frames]]>
    </failure>
  </testcase> <!-- createMasterChamber -->
  <testcase name="approveMasterChamber" time="0.001" classname="com.pss.lims.StabilityManagementWithSampleManagementQuantitativeInternalFlow.ApproveMasterChamber">
    <failure type="java.lang.RuntimeException" message="Test skipped due to a detected failure in the overall suite.">
      <![CDATA[java.lang.RuntimeException: Test skipped due to a detected failure in the overall suite.
at com.pss.lims.Listners.SuiteFailingInvokedMethodListener.beforeInvocation(SuiteFailingInvokedMethodListener.java:17)
at java.util.ArrayList.forEach(ArrayList.java:1257)
... Removed 26 stack frames]]>
    </failure>
  </testcase> <!-- approveMasterChamber -->
  <testcase name="createLoading" time="0.001" classname="com.pss.lims.StabilityManagementWithSampleManagementQuantitativeInternalFlow.Loading">
    <failure type="java.lang.RuntimeException" message="Test skipped due to a detected failure in the overall suite.">
      <![CDATA[java.lang.RuntimeException: Test skipped due to a detected failure in the overall suite.
at com.pss.lims.Listners.SuiteFailingInvokedMethodListener.beforeInvocation(SuiteFailingInvokedMethodListener.java:17)
at java.util.ArrayList.forEach(ArrayList.java:1257)
... Removed 26 stack frames]]>
    </failure>
  </testcase> <!-- createLoading -->
  <testcase name="approveLoading" time="0.0" classname="com.pss.lims.StabilityManagementWithSampleManagementQuantitativeInternalFlow.ApproveLoading">
    <failure type="java.lang.RuntimeException" message="Test skipped due to a detected failure in the overall suite.">
      <![CDATA[java.lang.RuntimeException: Test skipped due to a detected failure in the overall suite.
at com.pss.lims.Listners.SuiteFailingInvokedMethodListener.beforeInvocation(SuiteFailingInvokedMethodListener.java:17)
at java.util.ArrayList.forEach(ArrayList.java:1257)
... Removed 26 stack frames]]>
    </failure>
  </testcase> <!-- approveLoading -->
  <testcase name="createJobAllotment" time="0.001" classname="com.pss.lims.StabilityManagementWithSampleManagementQuantitativeInternalFlow.QuantativeInternalJobAllotment">
    <failure type="java.lang.RuntimeException" message="Test skipped due to a detected failure in the overall suite.">
      <![CDATA[java.lang.RuntimeException: Test skipped due to a detected failure in the overall suite.
at com.pss.lims.Listners.SuiteFailingInvokedMethodListener.beforeInvocation(SuiteFailingInvokedMethodListener.java:17)
at java.util.ArrayList.forEach(ArrayList.java:1257)
... Removed 26 stack frames]]>
    </failure>
  </testcase> <!-- createJobAllotment -->
  <testcase name="approveMyJob" time="0.001" classname="com.pss.lims.StabilityManagementWithSampleManagementQuantitativeInternalFlow.MyJob">
    <failure type="java.lang.RuntimeException" message="Test skipped due to a detected failure in the overall suite.">
      <![CDATA[java.lang.RuntimeException: Test skipped due to a detected failure in the overall suite.
at com.pss.lims.Listners.SuiteFailingInvokedMethodListener.beforeInvocation(SuiteFailingInvokedMethodListener.java:17)
at java.util.ArrayList.forEach(ArrayList.java:1257)
... Removed 26 stack frames]]>
    </failure>
  </testcase> <!-- approveMyJob -->
  <testcase name="approveJobResults" time="0.0" classname="com.pss.lims.StabilityManagementWithSampleManagementQuantitativeInternalFlow.QuantativeJobResults">
    <failure type="java.lang.RuntimeException" message="Test skipped due to a detected failure in the overall suite.">
      <![CDATA[java.lang.RuntimeException: Test skipped due to a detected failure in the overall suite.
at com.pss.lims.Listners.SuiteFailingInvokedMethodListener.beforeInvocation(SuiteFailingInvokedMethodListener.java:17)
at java.util.ArrayList.forEach(ArrayList.java:1257)
... Removed 26 stack frames]]>
    </failure>
  </testcase> <!-- approveJobResults -->
  <testcase name="approveSI" time="0.001" classname="com.pss.lims.StabilityManagementWithSampleManagementQuantitativeInternalFlow.SIApproval">
    <failure type="java.lang.RuntimeException" message="Test skipped due to a detected failure in the overall suite.">
      <![CDATA[java.lang.RuntimeException: Test skipped due to a detected failure in the overall suite.
at com.pss.lims.Listners.SuiteFailingInvokedMethodListener.beforeInvocation(SuiteFailingInvokedMethodListener.java:17)
at java.util.ArrayList.forEach(ArrayList.java:1257)
... Removed 26 stack frames]]>
    </failure>
  </testcase> <!-- approveSI -->
  <testcase name="createSampleResult" time="0.0" classname="com.pss.lims.StabilityManagementWithSampleManagementQuantitativeInternalFlow.SampleResult">
    <failure type="java.lang.RuntimeException" message="Test skipped due to a detected failure in the overall suite.">
      <![CDATA[java.lang.RuntimeException: Test skipped due to a detected failure in the overall suite.
at com.pss.lims.Listners.SuiteFailingInvokedMethodListener.beforeInvocation(SuiteFailingInvokedMethodListener.java:17)
at java.util.ArrayList.forEach(ArrayList.java:1257)
... Removed 26 stack frames]]>
    </failure>
  </testcase> <!-- createSampleResult -->
  <testcase name="approveCOA" time="0.0" classname="com.pss.lims.StabilityManagementWithSampleManagementQuantitativeInternalFlow.COAApprove">
    <failure type="java.lang.RuntimeException" message="Test skipped due to a detected failure in the overall suite.">
      <![CDATA[java.lang.RuntimeException: Test skipped due to a detected failure in the overall suite.
at com.pss.lims.Listners.SuiteFailingInvokedMethodListener.beforeInvocation(SuiteFailingInvokedMethodListener.java:17)
at java.util.ArrayList.forEach(ArrayList.java:1257)
... Removed 26 stack frames]]>
    </failure>
  </testcase> <!-- approveCOA -->
  <testcase name="createAcknowledgemnt" time="0.0" classname="com.pss.lims.StabilityManagementWithSampleManagementQuantitativeInternalFlow.CreateSampleAcknowledgement">
    <failure type="java.lang.RuntimeException" message="Test skipped due to a detected failure in the overall suite.">
      <![CDATA[java.lang.RuntimeException: Test skipped due to a detected failure in the overall suite.
at com.pss.lims.Listners.SuiteFailingInvokedMethodListener.beforeInvocation(SuiteFailingInvokedMethodListener.java:17)
at java.util.ArrayList.forEach(ArrayList.java:1257)
... Removed 26 stack frames]]>
    </failure>
  </testcase> <!-- createAcknowledgemnt -->
  <testcase name="sampleAcknowledgementApprove" time="0.0" classname="com.pss.lims.StabilityManagementWithSampleManagementQuantitativeInternalFlow.ApproveSampleAcknowledgement">
    <failure type="java.lang.RuntimeException" message="Test skipped due to a detected failure in the overall suite.">
      <![CDATA[java.lang.RuntimeException: Test skipped due to a detected failure in the overall suite.
at com.pss.lims.Listners.SuiteFailingInvokedMethodListener.beforeInvocation(SuiteFailingInvokedMethodListener.java:17)
at java.util.ArrayList.forEach(ArrayList.java:1257)
... Removed 26 stack frames]]>
    </failure>
  </testcase> <!-- sampleAcknowledgementApprove -->
</testsuite> <!-- StabilityManagementWithSampleManagementInternalFlow -->
