<?xml version="1.0" encoding="UTF-8"?>
<!-- Generated by org.testng.reporters.JUnitXMLReporter -->
<testsuite hostname="DESKTOP-2TQFBEG" ignored="0" name="StabilityManagementRejectionFlowTestSuite2" tests="8" failures="0" timestamp="2022-08-31T20:51:08 IST" time="603.107" errors="0">
  <testcase name="createLoading" time="115.49" classname="com.pss.lims.StabilityManagement.RejectionFlow.Loading"/>
  <testcase name="rejectLoading" time="47.714" classname="com.pss.lims.StabilityManagement.RejectionFlow.RejectLoading"/>
  <testcase name="loadingRejected" time="79.253" classname="com.pss.lims.StabilityManagement.RejectionFlow.RejectedLoading"/>
  <testcase name="approveLoading" time="48.443" classname="com.pss.lims.StabilityManagement.RejectionFlow.ApproveLoading"/>
  <testcase name="createAcknowledgemnt" time="81.312" classname="com.pss.lims.StabilityManagement.RejectionFlow.CreateSampleAcknowledgement"/>
  <testcase name="rejectSampleAcknowledgement" time="49.656" classname="com.pss.lims.StabilityManagement.RejectionFlow.RejectSampleAcknowledgement"/>
  <testcase name="rejectedSampleAcknowledgement" time="72.895" classname="com.pss.lims.StabilityManagement.RejectionFlow.RejectedSampleAcknowledgement"/>
  <testcase name="sampleAcknowledgementApprove" time="45.4" classname="com.pss.lims.StabilityManagement.RejectionFlow.ApproveSampleAcknowledgement"/>
</testsuite> <!-- StabilityManagementRejectionFlowTestSuite2 -->
