<?xml version="1.0" encoding="UTF-8"?>
<!-- Generated by org.testng.reporters.JUnitXMLReporter -->
<testsuite hostname="DESKTOP-2TQFBEG" ignored="0" name="StabilityManagementRejectionFlowTestSuite" tests="2" failures="0" timestamp="2022-09-01T11:45:38 IST" time="349.528" errors="0">
  <testcase name="createProtocol" time="277.643" classname="com.pss.lims.StabilityManagement.RejectionFlow.CreateProtocol"/>
  <testcase name="protocolReject" time="43.402" classname="com.pss.lims.StabilityManagement.RejectionFlow.RejectProtocol"/>
</testsuite> <!-- StabilityManagementRejectionFlowTestSuite -->
