<?xml version="1.0" encoding="UTF-8"?>
<!-- Generated by org.testng.reporters.JUnitXMLReporter -->
<testsuite hostname="DESKTOP-2TQFBEG" ignored="0" name="PreConditionToRunLimsTest" tests="3" failures="0" timestamp="2022-03-24T14:58:06 IST" time="238.157" errors="0">
  <testcase name="createSampletype" time="89.192" classname="com.pss.lims.sm.SampleTypeLifeCycle.SampleType"/>
  <testcase name="approveSampletype" time="43.926" classname="com.pss.lims.sm.SampleTypeLifeCycle.SampletypeApproval"/>
  <testcase name="sampleTypeLifeCycle" time="85.431" classname="com.pss.lims.sm.SampleTypeLifeCycle.CreateSampleTypeLifeCycle"/>
</testsuite> <!-- PreConditionToRunLimsTest -->
